<?xml version="1.0" encoding="UTF-8"?>
<testng-results ignored="0" total="1" passed="1" failed="0" skipped="0">
  <reporter-output>
  </reporter-output>
  <suite started-at="2023-03-03T14:59:55Z" name="Default suite" finished-at="2023-03-03T14:59:59Z" duration-ms="4163">
    <groups>
    </groups>
    <test started-at="2023-03-03T14:59:55Z" name="Default test" finished-at="2023-03-03T14:59:59Z" duration-ms="4163">
      <class name="tests.LoginTest">
        <test-method signature="validUserShouldBeAbleToLogin()[pri:0, instance:tests.LoginTest@26df6e3a]" started-at="2023-03-03T08:59:55Z" name="validUserShouldBeAbleToLogin" finished-at="2023-03-03T08:59:59Z" duration-ms="4149" status="PASS">
          <reporter-output>
          </reporter-output>
        </test-method> <!-- validUserShouldBeAbleToLogin -->
      </class> <!-- tests.LoginTest -->
    </test> <!-- Default test -->
  </suite> <!-- Default suite -->
</testng-results>
